#
# There is insufficient memory for the Java Runtime Environment to continue.
# Native memory allocation (mmap) failed to map 149946368 bytes for committing reserved memory.
# Possible reasons:
#   The system is out of physical RAM or swap space
#   In 32 bit mode, the process size limit was hit
# Possible solutions:
#   Reduce memory load on the system
#   Increase physical memory or swap space
#   Check if swap backing store is full
#   Use 64 bit Java on a 64 bit OS
#   Decrease Java heap size (-Xmx/-Xms)
#   Decrease number of Java threads
#   Decrease Java thread stack sizes (-Xss)
#   Set larger code cache with -XX:ReservedCodeCacheSize=
# This output file may be truncated or incomplete.
#
#  Out of Memory Error (os_linux.cpp:2627), pid=4336, tid=139818590373632
#
# JRE version: Java(TM) SE Runtime Environment (8.0_66-b17) (build 1.8.0_66-b17)
# Java VM: Java HotSpot(TM) 64-Bit Server VM (25.66-b17 mixed mode linux-amd64 compressed oops)
# Failed to write core dump. Core dumps have been disabled. To enable core dumping, try "ulimit -c unlimited" before starting Java again
#

---------------  T H R E A D  ---------------

Current thread (0x00007f2a28078000):  VMThread [stack: 0x00007f2a0d598000,0x00007f2a0d699000] [id=4346]

Stack: [0x00007f2a0d598000,0x00007f2a0d699000],  sp=0x00007f2a0d697120,  free space=1020k
Native frames: (J=compiled Java code, j=interpreted, Vv=VM code, C=native code)
V  [libjvm.so+0xab9a1a]  VMError::report_and_die()+0x2ba
V  [libjvm.so+0x4f9e0b]  report_vm_out_of_memory(char const*, int, unsigned long, VMErrorType, char const*)+0x8b
V  [libjvm.so+0x91a8a3]  os::Linux::commit_memory_impl(char*, unsigned long, bool)+0x103
V  [libjvm.so+0x91adf9]  os::pd_commit_memory(char*, unsigned long, unsigned long, bool)+0x29
V  [libjvm.so+0x91510a]  os::commit_memory(char*, unsigned long, unsigned long, bool)+0x2a
V  [libjvm.so+0x9887a3]  PSVirtualSpace::expand_by(unsigned long)+0x53
V  [libjvm.so+0x989ba8]  PSYoungGen::resize_generation(unsigned long, unsigned long)+0xf8
V  [libjvm.so+0x988d02]  PSYoungGen::resize(unsigned long, unsigned long)+0x22
V  [libjvm.so+0x985fdb]  PSScavenge::invoke_no_policy()+0xf3b
V  [libjvm.so+0x986761]  PSScavenge::invoke()+0x41
V  [libjvm.so+0x93e500]  ParallelScavengeHeap::failed_mem_allocate(unsigned long)+0x70
V  [libjvm.so+0xabb437]  VM_ParallelGCFailedAllocation::doit()+0x97
V  [libjvm.so+0xac2e65]  VM_Operation::evaluate()+0x55
V  [libjvm.so+0xac123a]  VMThread::evaluate_operation(VM_Operation*)+0xba
V  [libjvm.so+0xac15be]  VMThread::loop()+0x1ce
V  [libjvm.so+0xac1a30]  VMThread::run()+0x70
V  [libjvm.so+0x91cc68]  java_start(Thread*)+0x108

VM_Operation (0x00007f2a0c2a7ac0): ParallelGCFailedAllocation, mode: safepoint, requested by thread 0x00007f2a2813a800


---------------  P R O C E S S  ---------------

Java Threads: ( => current thread )
  0x00007f2a2813a800 JavaThread "pool-2-thread-4" [_thread_blocked, id=4359, stack(0x00007f2a0c1a9000,0x00007f2a0c2aa000)]
  0x00007f2a28139000 JavaThread "pool-2-thread-3" [_thread_blocked, id=4358, stack(0x00007f2a0c2aa000,0x00007f2a0c3ab000)]
  0x00007f2a28135000 JavaThread "pool-2-thread-2" [_thread_blocked, id=4357, stack(0x00007f2a0c3ab000,0x00007f2a0c4ac000)]
  0x00007f2a28133800 JavaThread "pool-3-thread-1" [_thread_blocked, id=4356, stack(0x00007f2a0c4ac000,0x00007f2a0c5ad000)]
  0x00007f2a28131000 JavaThread "pool-2-thread-1" [_thread_blocked, id=4355, stack(0x00007f2a0c5ad000,0x00007f2a0c6ae000)]
  0x00007f2a280ca800 JavaThread "Service Thread" daemon [_thread_blocked, id=4353, stack(0x00007f2a0c7af000,0x00007f2a0c8b0000)]
  0x00007f2a280bd800 JavaThread "C1 CompilerThread2" daemon [_thread_blocked, id=4352, stack(0x00007f2a0c8b0000,0x00007f2a0c9b1000)]
  0x00007f2a280bb800 JavaThread "C2 CompilerThread1" daemon [_thread_blocked, id=4351, stack(0x00007f2a0c9b1000,0x00007f2a0cab2000)]
  0x00007f2a280b8800 JavaThread "C2 CompilerThread0" daemon [_thread_blocked, id=4350, stack(0x00007f2a0cab2000,0x00007f2a0cbb3000)]
  0x00007f2a280b7000 JavaThread "Signal Dispatcher" daemon [_thread_blocked, id=4349, stack(0x00007f2a0cbb3000,0x00007f2a0ccb4000)]
  0x00007f2a2807f800 JavaThread "Finalizer" daemon [_thread_blocked, id=4348, stack(0x00007f2a0d396000,0x00007f2a0d497000)]
  0x00007f2a2807d000 JavaThread "Reference Handler" daemon [_thread_blocked, id=4347, stack(0x00007f2a0d497000,0x00007f2a0d598000)]
  0x00007f2a2800a000 JavaThread "main" [_thread_blocked, id=4341, stack(0x00007f2a2ec91000,0x00007f2a2ed92000)]

Other Threads:
=>0x00007f2a28078000 VMThread [stack: 0x00007f2a0d598000,0x00007f2a0d699000] [id=4346]
  0x00007f2a280cd800 WatcherThread [stack: 0x00007f2a0c6ae000,0x00007f2a0c7af000] [id=4354]

VM state:at safepoint (normal execution)

VM Mutex/Monitor currently owned by a thread:  ([mutex/lock_event])
[0x00007f2a28006470] Threads_lock - owner thread: 0x00007f2a28078000
[0x00007f2a28006970] Heap_lock - owner thread: 0x00007f2a2813a800

Heap:
 PSYoungGen      total 138240K, used 13290K [0x000000076ab00000, 0x0000000774100000, 0x00000007c0000000)
  eden space 124928K, 0% used [0x000000076ab00000,0x000000076ab00000,0x0000000772500000)
  from space 13312K, 99% used [0x0000000772500000,0x00000007731faa90,0x0000000773200000)
  to   space 11264K, 0% used [0x0000000773200000,0x0000000773200000,0x0000000773d00000)
 ParOldGen       total 42496K, used 42304K [0x00000006c0000000, 0x00000006c2980000, 0x000000076ab00000)
  object space 42496K, 99% used [0x00000006c0000000,0x00000006c2950248,0x00000006c2980000)
 Metaspace       used 6288K, capacity 7216K, committed 7296K, reserved 1056768K
  class space    used 595K, capacity 616K, committed 640K, reserved 1048576K

Card table byte_map: [0x00007f2a18224000,0x00007f2a18a25000] byte_map_base: 0x00007f2a14c24000

Marking Bits: (ParMarkBitMap*) 0x00007f2a2e163020
 Begin Bits: [0x00007f2a0f8ca000, 0x00007f2a138ca000)
 End Bits:   [0x00007f2a138ca000, 0x00007f2a178ca000)

Polling page: 0x00007f2a2edb0000

CodeCache: size=245760Kb used=8134Kb max_used=8134Kb free=237625Kb
 bounds [0x00007f2a18de5000, 0x00007f2a195e5000, 0x00007f2a27de5000]
 total_blobs=2256 nmethods=1994 adapters=175
 compilation: enabled

Compilation events (10 events):
Event: 4.849 Thread 0x00007f2a280bd800 2084 %     3       com.android.dx.rop.cst.CstString::stringToUtf8Bytes @ 16 (175 bytes)
Event: 4.850 Thread 0x00007f2a280bd800 nmethod 2084% 0x00007f2a195d0f90 code [0x00007f2a195d1160, 0x00007f2a195d1a98]
Event: 4.852 Thread 0x00007f2a280bd800 2085       3       com.android.dx.rop.cst.CstString::stringToUtf8Bytes (175 bytes)
Event: 4.853 Thread 0x00007f2a280bd800 nmethod 2085 0x00007f2a195d0150 code [0x00007f2a195d0320, 0x00007f2a195d0b98]
Event: 4.860 Thread 0x00007f2a280bd800 2086 %     3       com.android.dx.cf.code.Merger::mergeLocals @ 35 (122 bytes)
Event: 4.862 Thread 0x00007f2a280bd800 nmethod 2086% 0x00007f2a195ce050 code [0x00007f2a195ce2e0, 0x00007f2a195cf4c8]
Event: 4.862 Thread 0x00007f2a280bd800 2088       3       com.android.dx.cf.code.Merger::mergeLocals (122 bytes)
Event: 4.864 Thread 0x00007f2a280bd800 nmethod 2088 0x00007f2a195db390 code [0x00007f2a195db620, 0x00007f2a195dc748]
Event: 4.891 Thread 0x00007f2a280bd800 2090       2       com.android.dx.cf.code.LocalVariableList$Item::matchesAllButType (53 bytes)
Event: 4.892 Thread 0x00007f2a280bd800 nmethod 2090 0x00007f2a195cdb50 code [0x00007f2a195cdcc0, 0x00007f2a195cdf08]

GC Heap History (10 events):
Event: 1.805 GC heap after
Heap after GC invocations=2 (full 0):
 PSYoungGen      total 34304K, used 2546K [0x000000076ab00000, 0x000000076cf00000, 0x00000007c0000000)
  eden space 31744K, 0% used [0x000000076ab00000,0x000000076ab00000,0x000000076ca00000)
  from space 2560K, 99% used [0x000000076cc80000,0x000000076cefca80,0x000000076cf00000)
  to   space 2560K, 0% used [0x000000076ca00000,0x000000076ca00000,0x000000076cc80000)
 ParOldGen       total 42496K, used 5441K [0x00000006c0000000, 0x00000006c2980000, 0x000000076ab00000)
  object space 42496K, 12% used [0x00000006c0000000,0x00000006c05507e0,0x00000006c2980000)
 Metaspace       used 5770K, capacity 6896K, committed 7040K, reserved 1056768K
  class space    used 572K, capacity 616K, committed 640K, reserved 1048576K
}
Event: 2.028 GC heap before
{Heap before GC invocations=3 (full 0):
 PSYoungGen      total 34304K, used 34290K [0x000000076ab00000, 0x000000076cf00000, 0x00000007c0000000)
  eden space 31744K, 100% used [0x000000076ab00000,0x000000076ca00000,0x000000076ca00000)
  from space 2560K, 99% used [0x000000076cc80000,0x000000076cefca80,0x000000076cf00000)
  to   space 2560K, 0% used [0x000000076ca00000,0x000000076ca00000,0x000000076cc80000)
 ParOldGen       total 42496K, used 5441K [0x00000006c0000000, 0x00000006c2980000, 0x000000076ab00000)
  object space 42496K, 12% used [0x00000006c0000000,0x00000006c05507e0,0x00000006c2980000)
 Metaspace       used 5893K, capacity 7024K, committed 7296K, reserved 1056768K
  class space    used 577K, capacity 616K, committed 640K, reserved 1048576K
Event: 2.048 GC heap after
Heap after GC invocations=3 (full 0):
 PSYoungGen      total 34304K, used 2543K [0x000000076ab00000, 0x000000076ee00000, 0x00000007c0000000)
  eden space 31744K, 0% used [0x000000076ab00000,0x000000076ab00000,0x000000076ca00000)
  from space 2560K, 99% used [0x000000076ca00000,0x000000076cc7bed0,0x000000076cc80000)
  to   space 2560K, 0% used [0x000000076eb80000,0x000000076eb80000,0x000000076ee00000)
 ParOldGen       total 42496K, used 10012K [0x00000006c0000000, 0x00000006c2980000, 0x000000076ab00000)
  object space 42496K, 23% used [0x00000006c0000000,0x00000006c09c7308,0x00000006c2980000)
 Metaspace       used 5893K, capacity 7024K, committed 7296K, reserved 1056768K
  class space    used 577K, capacity 616K, committed 640K, reserved 1048576K
}
Event: 2.334 GC heap before
{Heap before GC invocations=4 (full 0):
 PSYoungGen      total 34304K, used 34287K [0x000000076ab00000, 0x000000076ee00000, 0x00000007c0000000)
  eden space 31744K, 100% used [0x000000076ab00000,0x000000076ca00000,0x000000076ca00000)
  from space 2560K, 99% used [0x000000076ca00000,0x000000076cc7bed0,0x000000076cc80000)
  to   space 2560K, 0% used [0x000000076eb80000,0x000000076eb80000,0x000000076ee00000)
 ParOldGen       total 42496K, used 10012K [0x00000006c0000000, 0x00000006c2980000, 0x000000076ab00000)
  object space 42496K, 23% used [0x00000006c0000000,0x00000006c09c7308,0x00000006c2980000)
 Metaspace       used 6063K, capacity 7088K, committed 7296K, reserved 1056768K
  class space    used 595K, capacity 616K, committed 640K, reserved 1048576K
Event: 2.359 GC heap after
Heap after GC invocations=4 (full 0):
 PSYoungGen      total 66048K, used 2559K [0x000000076ab00000, 0x000000076ee00000, 0x00000007c0000000)
  eden space 63488K, 0% used [0x000000076ab00000,0x000000076ab00000,0x000000076e900000)
  from space 2560K, 99% used [0x000000076eb80000,0x000000076edffe68,0x000000076ee00000)
  to   space 2560K, 0% used [0x000000076e900000,0x000000076e900000,0x000000076eb80000)
 ParOldGen       total 42496K, used 14047K [0x00000006c0000000, 0x00000006c2980000, 0x000000076ab00000)
  object space 42496K, 33% used [0x00000006c0000000,0x00000006c0db7e18,0x00000006c2980000)
 Metaspace       used 6063K, capacity 7088K, committed 7296K, reserved 1056768K
  class space    used 595K, capacity 616K, committed 640K, reserved 1048576K
}
Event: 3.615 GC heap before
{Heap before GC invocations=5 (full 0):
 PSYoungGen      total 66048K, used 66047K [0x000000076ab00000, 0x000000076ee00000, 0x00000007c0000000)
  eden space 63488K, 100% used [0x000000076ab00000,0x000000076e900000,0x000000076e900000)
  from space 2560K, 99% used [0x000000076eb80000,0x000000076edffe68,0x000000076ee00000)
  to   space 2560K, 0% used [0x000000076e900000,0x000000076e900000,0x000000076eb80000)
 ParOldGen       total 42496K, used 14047K [0x00000006c0000000, 0x00000006c2980000, 0x000000076ab00000)
  object space 42496K, 33% used [0x00000006c0000000,0x00000006c0db7e18,0x00000006c2980000)
 Metaspace       used 6191K, capacity 7152K, committed 7296K, reserved 1056768K
  class space    used 595K, capacity 616K, committed 640K, reserved 1048576K
Event: 3.654 GC heap after
Heap after GC invocations=5 (full 0):
 PSYoungGen      total 66048K, used 2529K [0x000000076ab00000, 0x0000000773d00000, 0x00000007c0000000)
  eden space 63488K, 0% used [0x000000076ab00000,0x000000076ab00000,0x000000076e900000)
  from space 2560K, 98% used [0x000000076e900000,0x000000076eb78598,0x000000076eb80000)
  to   space 11264K, 0% used [0x0000000773200000,0x0000000773200000,0x0000000773d00000)
 ParOldGen       total 42496K, used 22830K [0x00000006c0000000, 0x00000006c2980000, 0x000000076ab00000)
  object space 42496K, 53% used [0x00000006c0000000,0x00000006c164ba18,0x00000006c2980000)
 Metaspace       used 6191K, capacity 7152K, committed 7296K, reserved 1056768K
  class space    used 595K, capacity 616K, committed 640K, reserved 1048576K
}
Event: 4.121 GC heap before
{Heap before GC invocations=6 (full 0):
 PSYoungGen      total 66048K, used 66017K [0x000000076ab00000, 0x0000000773d00000, 0x00000007c0000000)
  eden space 63488K, 100% used [0x000000076ab00000,0x000000076e900000,0x000000076e900000)
  from space 2560K, 98% used [0x000000076e900000,0x000000076eb78598,0x000000076eb80000)
  to   space 11264K, 0% used [0x0000000773200000,0x0000000773200000,0x0000000773d00000)
 ParOldGen       total 42496K, used 22830K [0x00000006c0000000, 0x00000006c2980000, 0x000000076ab00000)
  object space 42496K, 53% used [0x00000006c0000000,0x00000006c164ba18,0x00000006c2980000)
 Metaspace       used 6242K, capacity 7216K, committed 7296K, reserved 1056768K
  class space    used 595K, capacity 616K, committed 640K, reserved 1048576K
Event: 4.194 GC heap after
Heap after GC invocations=6 (full 0):
 PSYoungGen      total 136192K, used 11253K [0x000000076ab00000, 0x0000000774100000, 0x00000007c0000000)
  eden space 124928K, 0% used [0x000000076ab00000,0x000000076ab00000,0x0000000772500000)
  from space 11264K, 99% used [0x0000000773200000,0x0000000773cfd4e0,0x0000000773d00000)
  to   space 13312K, 0% used [0x0000000772500000,0x0000000772500000,0x0000000773200000)
 ParOldGen       total 42496K, used 23150K [0x00000006c0000000, 0x00000006c2980000, 0x000000076ab00000)
  object space 42496K, 54% used [0x00000006c0000000,0x00000006c169ba18,0x00000006c2980000)
 Metaspace       used 6242K, capacity 7216K, committed 7296K, reserved 1056768K
  class space    used 595K, capacity 616K, committed 640K, reserved 1048576K
}
Event: 4.904 GC heap before
{Heap before GC invocations=7 (full 0):
 PSYoungGen      total 136192K, used 136181K [0x000000076ab00000, 0x0000000774100000, 0x00000007c0000000)
  eden space 124928K, 100% used [0x000000076ab00000,0x0000000772500000,0x0000000772500000)
  from space 11264K, 99% used [0x0000000773200000,0x0000000773cfd4e0,0x0000000773d00000)
  to   space 13312K, 0% used [0x0000000772500000,0x0000000772500000,0x0000000773200000)
 ParOldGen       total 42496K, used 23150K [0x00000006c0000000, 0x00000006c2980000, 0x000000076ab00000)
  object space 42496K, 54% used [0x00000006c0000000,0x00000006c169ba18,0x00000006c2980000)
 Metaspace       used 6288K, capacity 7216K, committed 7296K, reserved 1056768K
  class space    used 595K, capacity 616K, committed 640K, reserved 1048576K

Deoptimization events (10 events):
Event: 2.800 Thread 0x00007f2a2813a800 Uncommon trap: reason=unstable_if action=reinterpret pc=0x00007f2a1933bc48 method=com.android.dx.util.IntList.binarysearch(I)I @ 105
Event: 3.444 Thread 0x00007f2a28131000 Uncommon trap: reason=unstable_if action=reinterpret pc=0x00007f2a19421d18 method=java.util.HashMap.getNode(ILjava/lang/Object;)Ljava/util/HashMap$Node; @ 84
Event: 3.571 Thread 0x00007f2a2800a000 Uncommon trap: reason=unstable_if action=reinterpret pc=0x00007f2a1933f7c0 method=com.android.dx.ssa.SsaRenamer$BlockRenamer.addMapping(ILcom/android/dx/rop/code/RegisterSpec;)V @ 120
Event: 4.002 Thread 0x00007f2a28135000 Uncommon trap: reason=bimorphic action=maybe_recompile pc=0x00007f2a193a7440 method=com.android.dx.cf.code.BytecodeArray.parseInstruction(ILcom/android/dx/cf/code/BytecodeArray$Visitor;)I @ 2281
Event: 4.002 Thread 0x00007f2a28135000 Uncommon trap: reason=bimorphic action=maybe_recompile pc=0x00007f2a193a7440 method=com.android.dx.cf.code.BytecodeArray.parseInstruction(ILcom/android/dx/cf/code/BytecodeArray$Visitor;)I @ 2281
Event: 4.029 Thread 0x00007f2a2813a800 Uncommon trap: reason=bimorphic action=maybe_recompile pc=0x00007f2a193a75b8 method=com.android.dx.cf.code.BytecodeArray.parseInstruction(ILcom/android/dx/cf/code/BytecodeArray$Visitor;)I @ 1501
Event: 4.029 Thread 0x00007f2a2813a800 Uncommon trap: reason=bimorphic action=maybe_recompile pc=0x00007f2a193a75b8 method=com.android.dx.cf.code.BytecodeArray.parseInstruction(ILcom/android/dx/cf/code/BytecodeArray$Visitor;)I @ 1501
Event: 4.433 Thread 0x00007f2a2800a000 Uncommon trap: reason=unloaded action=reinterpret pc=0x00007f2a19428f1c method=com.android.dx.cf.cst.ConstantPoolParser.parse0(ILjava/util/BitSet;)Lcom/android/dx/rop/cst/Constant; @ 220
Event: 4.475 Thread 0x00007f2a28131000 Uncommon trap: reason=unstable_if action=reinterpret pc=0x00007f2a193b9afc method=com.android.dx.ssa.SsaMethod.updateOneDefinition(Lcom/android/dx/ssa/SsaInsn;Lcom/android/dx/rop/code/RegisterSpec;)V @ 4
Event: 4.535 Thread 0x00007f2a28135000 Uncommon trap: reason=unstable_if action=reinterpret pc=0x00007f2a1957e784 method=com.android.dx.cf.code.RopperMachine.run(Lcom/android/dx/cf/code/Frame;II)V @ 356

Internal exceptions (6 events):
Event: 0.061 Thread 0x00007f2a2800a000 Exception <a 'java/lang/NoSuchMethodError': Method sun.misc.Unsafe.defineClass(Ljava/lang/String;[BII)Ljava/lang/Class; name or signature does not match> (0x000000076ab12b90) thrown at [/HUDSON/workspace/8-2-build-linux-amd64/jdk8u66/4988/hotspot/src/shar
Event: 0.061 Thread 0x00007f2a2800a000 Exception <a 'java/lang/NoSuchMethodError': Method sun.misc.Unsafe.prefetchRead(Ljava/lang/Object;J)V name or signature does not match> (0x000000076ab12e78) thrown at [/HUDSON/workspace/8-2-build-linux-amd64/jdk8u66/4988/hotspot/src/share/vm/prims/jni.cpp
Event: 1.742 Thread 0x00007f2a28135000 Implicit null exception at 0x00007f2a1924d4e2 to 0x00007f2a1924d5db
Event: 2.231 Thread 0x00007f2a28139000 Exception <a 'java/lang/ArrayIndexOutOfBoundsException': 18> (0x000000076bb658e0) thrown at [/HUDSON/workspace/8-2-build-linux-amd64/jdk8u66/4988/hotspot/src/share/vm/interpreter/interpreterRuntime.cpp, line 366]
Event: 2.231 Thread 0x00007f2a28139000 Exception <a 'java/lang/ArrayIndexOutOfBoundsException': 145> (0x000000076bb67460) thrown at [/HUDSON/workspace/8-2-build-linux-amd64/jdk8u66/4988/hotspot/src/share/vm/interpreter/interpreterRuntime.cpp, line 366]
Event: 2.245 Thread 0x00007f2a28139000 Exception <a 'java/lang/ArrayIndexOutOfBoundsException'> (0x000000076bb68748) thrown at [/HUDSON/workspace/8-2-build-linux-amd64/jdk8u66/4988/hotspot/src/share/vm/runtime/sharedRuntime.cpp, line 605]

Events (10 events):
Event: 4.535 Thread 0x00007f2a28135000 Uncommon trap: trap_request=0xffffff65 fr.pc=0x00007f2a1957e784
Event: 4.535 Thread 0x00007f2a28135000 DEOPT PACKING pc=0x00007f2a1957e784 sp=0x00007f2a0c4a9610
Event: 4.535 Thread 0x00007f2a28135000 DEOPT UNPACKING pc=0x00007f2a18dea229 sp=0x00007f2a0c4a95b0 mode 2
Event: 4.602 Thread 0x00007f2a28135000 DEOPT PACKING pc=0x00007f2a191c4458 sp=0x00007f2a0c4a9d00
Event: 4.602 Thread 0x00007f2a28135000 DEOPT UNPACKING pc=0x00007f2a18e2c633 sp=0x00007f2a0c4a9b00 mode 0
Event: 4.850 Thread 0x00007f2a2800a000 DEOPT PACKING pc=0x00007f2a193c983f sp=0x00007f2a2ed8f350
Event: 4.850 Thread 0x00007f2a2800a000 DEOPT UNPACKING pc=0x00007f2a18e2c633 sp=0x00007f2a2ed8f0d0 mode 0
Event: 4.864 Thread 0x00007f2a28135000 DEOPT PACKING pc=0x00007f2a193686b8 sp=0x00007f2a0c4a98d0
Event: 4.864 Thread 0x00007f2a28135000 DEOPT UNPACKING pc=0x00007f2a18e2c633 sp=0x00007f2a0c4a96b0 mode 0
Event: 4.903 Executing VM operation: ParallelGCFailedAllocation


Dynamic libraries:
00400000-00401000 r-xp 00000000 08:05 1590822                            /usr/lib/jvm/java-8-oracle/bin/java
00600000-00601000 rw-p 00000000 08:05 1590822                            /usr/lib/jvm/java-8-oracle/bin/java
014da000-014fb000 rw-p 00000000 00:00 0                                  [heap]
6c0000000-6c2980000 rw-p 00000000 00:00 0 
6c2980000-76ab00000 ---p 00000000 00:00 0 
76ab00000-774100000 rw-p 00000000 00:00 0 
77d000000-7c0000000 ---p 00000000 00:00 0 
7c0000000-7c00a0000 rw-p 00000000 00:00 0 
7c00a0000-800000000 ---p 00000000 00:00 0 
7f29b8000000-7f29b8037000 rw-p 00000000 00:00 0 
7f29b8037000-7f29bc000000 ---p 00000000 00:00 0 
7f29c0000000-7f29c0021000 rw-p 00000000 00:00 0 
7f29c0021000-7f29c4000000 ---p 00000000 00:00 0 
7f29c4000000-7f29c402c000 rw-p 00000000 00:00 0 
7f29c402c000-7f29c8000000 ---p 00000000 00:00 0 
7f29c8000000-7f29c8029000 rw-p 00000000 00:00 0 
7f29c8029000-7f29cc000000 ---p 00000000 00:00 0 
7f29cc000000-7f29cc021000 rw-p 00000000 00:00 0 
7f29cc021000-7f29d0000000 ---p 00000000 00:00 0 
7f29d0000000-7f29d0021000 rw-p 00000000 00:00 0 
7f29d0021000-7f29d4000000 ---p 00000000 00:00 0 
7f29d4000000-7f29d4021000 rw-p 00000000 00:00 0 
7f29d4021000-7f29d8000000 ---p 00000000 00:00 0 
7f29d8000000-7f29d95f7000 rw-p 00000000 00:00 0 
7f29d95f7000-7f29dc000000 ---p 00000000 00:00 0 
7f29dc000000-7f29dc953000 rw-p 00000000 00:00 0 
7f29dc953000-7f29e0000000 ---p 00000000 00:00 0 
7f29e0000000-7f29e0021000 rw-p 00000000 00:00 0 
7f29e0021000-7f29e4000000 ---p 00000000 00:00 0 
7f29e4000000-7f29e596c000 rw-p 00000000 00:00 0 
7f29e596c000-7f29e8000000 ---p 00000000 00:00 0 
7f29e8000000-7f29e8021000 rw-p 00000000 00:00 0 
7f29e8021000-7f29ec000000 ---p 00000000 00:00 0 
7f29ec000000-7f29ec021000 rw-p 00000000 00:00 0 
7f29ec021000-7f29f0000000 ---p 00000000 00:00 0 
7f29f0000000-7f29f0021000 rw-p 00000000 00:00 0 
7f29f0021000-7f29f4000000 ---p 00000000 00:00 0 
7f29f4000000-7f29f428b000 rw-p 00000000 00:00 0 
7f29f428b000-7f29f8000000 ---p 00000000 00:00 0 
7f29f8000000-7f29f8021000 rw-p 00000000 00:00 0 
7f29f8021000-7f29fc000000 ---p 00000000 00:00 0 
7f2a00000000-7f2a00021000 rw-p 00000000 00:00 0 
7f2a00021000-7f2a04000000 ---p 00000000 00:00 0 
7f2a08000000-7f2a08021000 rw-p 00000000 00:00 0 
7f2a08021000-7f2a0c000000 ---p 00000000 00:00 0 
7f2a0c1a9000-7f2a0c1ac000 ---p 00000000 00:00 0 
7f2a0c1ac000-7f2a0c2aa000 rw-p 00000000 00:00 0                          [stack:4359]
7f2a0c2aa000-7f2a0c2ad000 ---p 00000000 00:00 0 
7f2a0c2ad000-7f2a0c3ab000 rw-p 00000000 00:00 0                          [stack:4358]
7f2a0c3ab000-7f2a0c3ae000 ---p 00000000 00:00 0 
7f2a0c3ae000-7f2a0c4ac000 rw-p 00000000 00:00 0                          [stack:4357]
7f2a0c4ac000-7f2a0c4af000 ---p 00000000 00:00 0 
7f2a0c4af000-7f2a0c5ad000 rw-p 00000000 00:00 0                          [stack:4356]
7f2a0c5ad000-7f2a0c5b0000 ---p 00000000 00:00 0 
7f2a0c5b0000-7f2a0c6ae000 rw-p 00000000 00:00 0                          [stack:4355]
7f2a0c6ae000-7f2a0c6af000 ---p 00000000 00:00 0 
7f2a0c6af000-7f2a0c7af000 rw-p 00000000 00:00 0                          [stack:4354]
7f2a0c7af000-7f2a0c7b2000 ---p 00000000 00:00 0 
7f2a0c7b2000-7f2a0c8b0000 rw-p 00000000 00:00 0                          [stack:4353]
7f2a0c8b0000-7f2a0c8b3000 ---p 00000000 00:00 0 
7f2a0c8b3000-7f2a0c9b1000 rw-p 00000000 00:00 0                          [stack:4352]
7f2a0c9b1000-7f2a0c9b4000 ---p 00000000 00:00 0 
7f2a0c9b4000-7f2a0cab2000 rw-p 00000000 00:00 0                          [stack:4351]
7f2a0cab2000-7f2a0cab5000 ---p 00000000 00:00 0 
7f2a0cab5000-7f2a0cbb3000 rw-p 00000000 00:00 0                          [stack:4350]
7f2a0cbb3000-7f2a0cbb6000 ---p 00000000 00:00 0 
7f2a0cbb6000-7f2a0ccb4000 rw-p 00000000 00:00 0                          [stack:4349]
7f2a0ccb4000-7f2a0d396000 r--p 00000000 08:05 1707414                    /usr/lib/locale/locale-archive
7f2a0d396000-7f2a0d399000 ---p 00000000 00:00 0 
7f2a0d399000-7f2a0d497000 rw-p 00000000 00:00 0                          [stack:4348]
7f2a0d497000-7f2a0d49a000 ---p 00000000 00:00 0 
7f2a0d49a000-7f2a0d598000 rw-p 00000000 00:00 0                          [stack:4347]
7f2a0d598000-7f2a0d599000 ---p 00000000 00:00 0 
7f2a0d599000-7f2a0e67b000 rw-p 00000000 00:00 0                          [stack:4346]
7f2a0e67b000-7f2a0e854000 r--s 03d20000 08:05 1592167                    /usr/lib/jvm/java-8-oracle/jre/lib/rt.jar
7f2a0e854000-7f2a0ef4a000 rw-p 00000000 00:00 0 
7f2a0ef4a000-7f2a0f0ca000 ---p 00000000 00:00 0 
7f2a0f0ca000-7f2a178ca000 rw-p 00000000 00:00 0 
7f2a178ca000-7f2a178cb000 ---p 00000000 00:00 0 
7f2a178cb000-7f2a179cb000 rw-p 00000000 00:00 0                          [stack:4345]
7f2a179cb000-7f2a179cc000 ---p 00000000 00:00 0 
7f2a179cc000-7f2a17acc000 rw-p 00000000 00:00 0                          [stack:4344]
7f2a17acc000-7f2a17acd000 ---p 00000000 00:00 0 
7f2a17acd000-7f2a17bcd000 rw-p 00000000 00:00 0                          [stack:4343]
7f2a17bcd000-7f2a17bce000 ---p 00000000 00:00 0 
7f2a17bce000-7f2a17ce3000 rw-p 00000000 00:00 0                          [stack:4342]
7f2a17ce3000-7f2a18224000 ---p 00000000 00:00 0 
7f2a18224000-7f2a18239000 rw-p 00000000 00:00 0 
7f2a18239000-7f2a18779000 ---p 00000000 00:00 0 
7f2a18779000-7f2a187c5000 rw-p 00000000 00:00 0 
7f2a187c5000-7f2a18a24000 ---p 00000000 00:00 0 
7f2a18a24000-7f2a18a45000 rw-p 00000000 00:00 0 
7f2a18a45000-7f2a18de5000 ---p 00000000 00:00 0 
7f2a18de5000-7f2a195e5000 rwxp 00000000 00:00 0 
7f2a195e5000-7f2a27de5000 ---p 00000000 00:00 0 
7f2a27de5000-7f2a27dff000 r-xp 00000000 08:05 1592369                    /usr/lib/jvm/java-8-oracle/jre/lib/amd64/libzip.so
7f2a27dff000-7f2a27fff000 ---p 0001a000 08:05 1592369                    /usr/lib/jvm/java-8-oracle/jre/lib/amd64/libzip.so
7f2a27fff000-7f2a28000000 rw-p 0001a000 08:05 1592369                    /usr/lib/jvm/java-8-oracle/jre/lib/amd64/libzip.so
7f2a28000000-7f2a2839e000 rw-p 00000000 00:00 0 
7f2a2839e000-7f2a2c000000 ---p 00000000 00:00 0 
7f2a2c00c000-7f2a2c02d000 rw-p 00000000 00:00 0 
7f2a2c02d000-7f2a2c039000 r-xp 00000000 08:05 1444262                    /lib/x86_64-linux-gnu/libnss_files-2.21.so
7f2a2c039000-7f2a2c238000 ---p 0000c000 08:05 1444262                    /lib/x86_64-linux-gnu/libnss_files-2.21.so
7f2a2c238000-7f2a2c239000 r--p 0000b000 08:05 1444262                    /lib/x86_64-linux-gnu/libnss_files-2.21.so
7f2a2c239000-7f2a2c23a000 rw-p 0000c000 08:05 1444262                    /lib/x86_64-linux-gnu/libnss_files-2.21.so
7f2a2c23a000-7f2a2c245000 r-xp 00000000 08:05 1444272                    /lib/x86_64-linux-gnu/libnss_nis-2.21.so
7f2a2c245000-7f2a2c444000 ---p 0000b000 08:05 1444272                    /lib/x86_64-linux-gnu/libnss_nis-2.21.so
7f2a2c444000-7f2a2c445000 r--p 0000a000 08:05 1444272                    /lib/x86_64-linux-gnu/libnss_nis-2.21.so
7f2a2c445000-7f2a2c446000 rw-p 0000b000 08:05 1444272                    /lib/x86_64-linux-gnu/libnss_nis-2.21.so
7f2a2c446000-7f2a2c45d000 r-xp 00000000 08:05 1444256                    /lib/x86_64-linux-gnu/libnsl-2.21.so
7f2a2c45d000-7f2a2c65c000 ---p 00017000 08:05 1444256                    /lib/x86_64-linux-gnu/libnsl-2.21.so
7f2a2c65c000-7f2a2c65d000 r--p 00016000 08:05 1444256                    /lib/x86_64-linux-gnu/libnsl-2.21.so
7f2a2c65d000-7f2a2c65e000 rw-p 00017000 08:05 1444256                    /lib/x86_64-linux-gnu/libnsl-2.21.so
7f2a2c65e000-7f2a2c660000 rw-p 00000000 00:00 0 
7f2a2c660000-7f2a2c668000 r-xp 00000000 08:05 1444258                    /lib/x86_64-linux-gnu/libnss_compat-2.21.so
7f2a2c668000-7f2a2c867000 ---p 00008000 08:05 1444258                    /lib/x86_64-linux-gnu/libnss_compat-2.21.so
7f2a2c867000-7f2a2c868000 r--p 00007000 08:05 1444258                    /lib/x86_64-linux-gnu/libnss_compat-2.21.so
7f2a2c868000-7f2a2c869000 rw-p 00008000 08:05 1444258                    /lib/x86_64-linux-gnu/libnss_compat-2.21.so
7f2a2c869000-7f2a2c893000 r-xp 00000000 08:05 1592364                    /usr/lib/jvm/java-8-oracle/jre/lib/amd64/libjava.so
7f2a2c893000-7f2a2ca93000 ---p 0002a000 08:05 1592364                    /usr/lib/jvm/java-8-oracle/jre/lib/amd64/libjava.so
7f2a2ca93000-7f2a2ca95000 rw-p 0002a000 08:05 1592364                    /usr/lib/jvm/java-8-oracle/jre/lib/amd64/libjava.so
7f2a2ca95000-7f2a2caa2000 r-xp 00000000 08:05 1592368                    /usr/lib/jvm/java-8-oracle/jre/lib/amd64/libverify.so
7f2a2caa2000-7f2a2cca2000 ---p 0000d000 08:05 1592368                    /usr/lib/jvm/java-8-oracle/jre/lib/amd64/libverify.so
7f2a2cca2000-7f2a2cca4000 rw-p 0000d000 08:05 1592368                    /usr/lib/jvm/java-8-oracle/jre/lib/amd64/libverify.so
7f2a2cca4000-7f2a2ccab000 r-xp 00000000 08:05 1444317                    /lib/x86_64-linux-gnu/librt-2.21.so
7f2a2ccab000-7f2a2ceaa000 ---p 00007000 08:05 1444317                    /lib/x86_64-linux-gnu/librt-2.21.so
7f2a2ceaa000-7f2a2ceab000 r--p 00006000 08:05 1444317                    /lib/x86_64-linux-gnu/librt-2.21.so
7f2a2ceab000-7f2a2ceac000 rw-p 00007000 08:05 1444317                    /lib/x86_64-linux-gnu/librt-2.21.so
7f2a2ceac000-7f2a2cfb3000 r-xp 00000000 08:05 1444235                    /lib/x86_64-linux-gnu/libm-2.21.so
7f2a2cfb3000-7f2a2d1b2000 ---p 00107000 08:05 1444235                    /lib/x86_64-linux-gnu/libm-2.21.so
7f2a2d1b2000-7f2a2d1b3000 r--p 00106000 08:05 1444235                    /lib/x86_64-linux-gnu/libm-2.21.so
7f2a2d1b3000-7f2a2d1b4000 rw-p 00107000 08:05 1444235                    /lib/x86_64-linux-gnu/libm-2.21.so
7f2a2d1b4000-7f2a2de72000 r-xp 00000000 08:05 1592389                    /usr/lib/jvm/java-8-oracle/jre/lib/amd64/server/libjvm.so
7f2a2de72000-7f2a2e071000 ---p 00cbe000 08:05 1592389                    /usr/lib/jvm/java-8-oracle/jre/lib/amd64/server/libjvm.so
7f2a2e071000-7f2a2e14a000 rw-p 00cbd000 08:05 1592389                    /usr/lib/jvm/java-8-oracle/jre/lib/amd64/server/libjvm.so
7f2a2e14a000-7f2a2e18e000 rw-p 00000000 00:00 0 
7f2a2e18e000-7f2a2e34e000 r-xp 00000000 08:05 1444173                    /lib/x86_64-linux-gnu/libc-2.21.so
7f2a2e34e000-7f2a2e54e000 ---p 001c0000 08:05 1444173                    /lib/x86_64-linux-gnu/libc-2.21.so
7f2a2e54e000-7f2a2e552000 r--p 001c0000 08:05 1444173                    /lib/x86_64-linux-gnu/libc-2.21.so
7f2a2e552000-7f2a2e554000 rw-p 001c4000 08:05 1444173                    /lib/x86_64-linux-gnu/libc-2.21.so
7f2a2e554000-7f2a2e558000 rw-p 00000000 00:00 0 
7f2a2e558000-7f2a2e55b000 r-xp 00000000 08:05 1444192                    /lib/x86_64-linux-gnu/libdl-2.21.so
7f2a2e55b000-7f2a2e75a000 ---p 00003000 08:05 1444192                    /lib/x86_64-linux-gnu/libdl-2.21.so
7f2a2e75a000-7f2a2e75b000 r--p 00002000 08:05 1444192                    /lib/x86_64-linux-gnu/libdl-2.21.so
7f2a2e75b000-7f2a2e75c000 rw-p 00003000 08:05 1444192                    /lib/x86_64-linux-gnu/libdl-2.21.so
7f2a2e75c000-7f2a2e771000 r-xp 00000000 08:05 1592069                    /usr/lib/jvm/java-8-oracle/lib/amd64/jli/libjli.so
7f2a2e771000-7f2a2e971000 ---p 00015000 08:05 1592069                    /usr/lib/jvm/java-8-oracle/lib/amd64/jli/libjli.so
7f2a2e971000-7f2a2e972000 rw-p 00015000 08:05 1592069                    /usr/lib/jvm/java-8-oracle/lib/amd64/jli/libjli.so
7f2a2e972000-7f2a2e98a000 r-xp 00000000 08:05 1444309                    /lib/x86_64-linux-gnu/libpthread-2.21.so
7f2a2e98a000-7f2a2eb8a000 ---p 00018000 08:05 1444309                    /lib/x86_64-linux-gnu/libpthread-2.21.so
7f2a2eb8a000-7f2a2eb8b000 r--p 00018000 08:05 1444309                    /lib/x86_64-linux-gnu/libpthread-2.21.so
7f2a2eb8b000-7f2a2eb8c000 rw-p 00019000 08:05 1444309                    /lib/x86_64-linux-gnu/libpthread-2.21.so
7f2a2eb8c000-7f2a2eb90000 rw-p 00000000 00:00 0 
7f2a2eb90000-7f2a2ebb4000 r-xp 00000000 08:05 1444145                    /lib/x86_64-linux-gnu/ld-2.21.so
7f2a2ebbe000-7f2a2ec91000 rw-p 00000000 00:00 0 
7f2a2ec91000-7f2a2ec94000 ---p 00000000 00:00 0 
7f2a2ec94000-7f2a2ed96000 rw-p 00000000 00:00 0                          [stack:4341]
7f2a2ed97000-7f2a2ed98000 rw-p 00000000 00:00 0 
7f2a2ed98000-7f2a2eda7000 r--s 000df000 08:05 1193379                    /home/amanmj/Android/Sdk/build-tools/23.0.2/lib/dx.jar
7f2a2eda7000-7f2a2edaf000 rw-s 00000000 08:05 1057373                    /tmp/hsperfdata_amanmj/4336
7f2a2edaf000-7f2a2edb0000 rw-p 00000000 00:00 0 
7f2a2edb0000-7f2a2edb1000 ---p 00000000 00:00 0 
7f2a2edb1000-7f2a2edb3000 rw-p 00000000 00:00 0 
7f2a2edb3000-7f2a2edb4000 r--p 00023000 08:05 1444145                    /lib/x86_64-linux-gnu/ld-2.21.so
7f2a2edb4000-7f2a2edb5000 rw-p 00024000 08:05 1444145                    /lib/x86_64-linux-gnu/ld-2.21.so
7f2a2edb5000-7f2a2edb6000 rw-p 00000000 00:00 0 
7fff814c8000-7fff814e9000 rw-p 00000000 00:00 0                          [stack]
7fff815f2000-7fff815f4000 r--p 00000000 00:00 0                          [vvar]
7fff815f4000-7fff815f6000 r-xp 00000000 00:00 0                          [vdso]
ffffffffff600000-ffffffffff601000 r-xp 00000000 00:00 0                  [vsyscall]

VM Arguments:
jvm_args: -Djava.awt.headless=true -Xmx4g -Dfile.encoding=UTF-8 -Duser.country=IN -Duser.language=en -Duser.variant 
java_command: com.android.dx.command.Main --dex --num-threads=4 --multi-dex --output /home/amanmj/AndroidStudioProjects/Reach/app/build/intermediates/transforms/dex/debug/folders/1000/1/debug_9990ab6ea2f8454358cb4cdf7236501d26dad51b /home/amanmj/AndroidStudioProjects/Reach/app/build/intermediates/classes/debug
java_class_path (initial): /home/amanmj/Android/Sdk/build-tools/23.0.2/lib/dx.jar
Launcher Type: SUN_STANDARD

Environment Variables:
PATH=/usr/local/sbin:/usr/local/bin:/usr/sbin:/usr/bin:/sbin:/bin:/usr/games:/usr/local/games
SHELL=/bin/bash
DISPLAY=:0

Signal Handlers:
SIGSEGV: [libjvm.so+0xaba2a0], sa_mask[0]=11111111011111111101111111111110, sa_flags=SA_RESTART|SA_SIGINFO
SIGBUS: [libjvm.so+0xaba2a0], sa_mask[0]=11111111011111111101111111111110, sa_flags=SA_RESTART|SA_SIGINFO
SIGFPE: [libjvm.so+0x917710], sa_mask[0]=11111111011111111101111111111110, sa_flags=SA_RESTART|SA_SIGINFO
SIGPIPE: [libjvm.so+0x917710], sa_mask[0]=11111111011111111101111111111110, sa_flags=SA_RESTART|SA_SIGINFO
SIGXFSZ: [libjvm.so+0x917710], sa_mask[0]=11111111011111111101111111111110, sa_flags=SA_RESTART|SA_SIGINFO
SIGILL: [libjvm.so+0x917710], sa_mask[0]=11111111011111111101111111111110, sa_flags=SA_RESTART|SA_SIGINFO
SIGUSR1: SIG_DFL, sa_mask[0]=00000000000000000000000000000000, sa_flags=none
SIGUSR2: [libjvm.so+0x918d40], sa_mask[0]=00100000000000000000000000000000, sa_flags=SA_RESTART|SA_SIGINFO
SIGHUP: [libjvm.so+0x91a140], sa_mask[0]=11111111011111111101111111111110, sa_flags=SA_RESTART|SA_SIGINFO
SIGINT: [libjvm.so+0x91a140], sa_mask[0]=11111111011111111101111111111110, sa_flags=SA_RESTART|SA_SIGINFO
SIGTERM: [libjvm.so+0x91a140], sa_mask[0]=11111111011111111101111111111110, sa_flags=SA_RESTART|SA_SIGINFO
SIGQUIT: [libjvm.so+0x91a140], sa_mask[0]=11111111011111111101111111111110, sa_flags=SA_RESTART|SA_SIGINFO


---------------  S Y S T E M  ---------------

OS:DISTRIB_ID=Ubuntu
DISTRIB_RELEASE=15.10
DISTRIB_CODENAME=wily
DISTRIB_DESCRIPTION="Ubuntu 15.10"

uname:Linux 4.2.0-25-generic #30-Ubuntu SMP Mon Jan 18 12:31:50 UTC 2016 x86_64
libc:glibc 2.21 NPTL 2.21 
rlimit: STACK 8192k, CORE 0k, NPROC 15265, NOFILE 65536, AS infinity
load average:1.05 0.91 0.93

/proc/meminfo:
MemTotal:        3942676 kB
MemFree:           32232 kB
MemAvailable:     124368 kB
Buffers:            7864 kB
Cached:           261272 kB
SwapCached:            0 kB
Active:          3534040 kB
Inactive:         210336 kB
Active(anon):    3489456 kB
Inactive(anon):   168516 kB
Active(file):      44584 kB
Inactive(file):    41820 kB
Unevictable:          32 kB
Mlocked:              32 kB
SwapTotal:             0 kB
SwapFree:              0 kB
Dirty:               420 kB
Writeback:             0 kB
AnonPages:       3475456 kB
Mapped:           127924 kB
Shmem:            182572 kB
Slab:              71424 kB
SReclaimable:      35072 kB
SUnreclaim:        36352 kB
KernelStack:       10624 kB
PageTables:        42944 kB
NFS_Unstable:          0 kB
Bounce:                0 kB
WritebackTmp:          0 kB
CommitLimit:     1971336 kB
Committed_AS:    7803424 kB
VmallocTotal:   34359738367 kB
VmallocUsed:      544272 kB
VmallocChunk:   34358423548 kB
HardwareCorrupted:     0 kB
AnonHugePages:   2162688 kB
CmaTotal:              0 kB
CmaFree:               0 kB
HugePages_Total:       0
HugePages_Free:        0
HugePages_Rsvd:        0
HugePages_Surp:        0
Hugepagesize:       2048 kB
DirectMap4k:      150268 kB
DirectMap2M:     3940352 kB


CPU:total 4 (2 cores per cpu, 2 threads per core) family 6 model 58 stepping 9, cmov, cx8, fxsr, mmx, sse, sse2, sse3, ssse3, sse4.1, sse4.2, popcnt, avx, clmul, erms, ht, tsc, tscinvbit, tscinv

/proc/cpuinfo:
processor	: 0
vendor_id	: GenuineIntel
cpu family	: 6
model		: 58
model name	: Intel(R) Core(TM) i3-3110M CPU @ 2.40GHz
stepping	: 9
microcode	: 0x15
cpu MHz		: 1391.531
cache size	: 3072 KB
physical id	: 0
siblings	: 4
core id		: 0
cpu cores	: 2
apicid		: 0
initial apicid	: 0
fpu		: yes
fpu_exception	: yes
cpuid level	: 13
wp		: yes
flags		: fpu vme de pse tsc msr pae mce cx8 apic sep mtrr pge mca cmov pat pse36 clflush dts acpi mmx fxsr sse sse2 ss ht tm pbe syscall nx rdtscp lm constant_tsc arch_perfmon pebs bts rep_good nopl xtopology nonstop_tsc aperfmperf eagerfpu pni pclmulqdq dtes64 monitor ds_cpl vmx est tm2 ssse3 cx16 xtpr pdcm pcid sse4_1 sse4_2 x2apic popcnt tsc_deadline_timer xsave avx f16c lahf_lm arat epb pln pts dtherm tpr_shadow vnmi flexpriority ept vpid fsgsbase smep erms xsaveopt
bugs		:
bogomips	: 4789.17
clflush size	: 64
cache_alignment	: 64
address sizes	: 36 bits physical, 48 bits virtual
power management:

processor	: 1
vendor_id	: GenuineIntel
cpu family	: 6
model		: 58
model name	: Intel(R) Core(TM) i3-3110M CPU @ 2.40GHz
stepping	: 9
microcode	: 0x15
cpu MHz		: 1411.500
cache size	: 3072 KB
physical id	: 0
siblings	: 4
core id		: 0
cpu cores	: 2
apicid		: 1
initial apicid	: 1
fpu		: yes
fpu_exception	: yes
cpuid level	: 13
wp		: yes
flags		: fpu vme de pse tsc msr pae mce cx8 apic sep mtrr pge mca cmov pat pse36 clflush dts acpi mmx fxsr sse sse2 ss ht tm pbe syscall nx rdtscp lm constant_tsc arch_perfmon pebs bts rep_good nopl xtopology nonstop_tsc aperfmperf eagerfpu pni pclmulqdq dtes64 monitor ds_cpl vmx est tm2 ssse3 cx16 xtpr pdcm pcid sse4_1 sse4_2 x2apic popcnt tsc_deadline_timer xsave avx f16c lahf_lm arat epb pln pts dtherm tpr_shadow vnmi flexpriority ept vpid fsgsbase smep erms xsaveopt
bugs		:
bogomips	: 4789.17
clflush size	: 64
cache_alignment	: 64
address sizes	: 36 bits physical, 48 bits virtual
power management:

processor	: 2
vendor_id	: GenuineIntel
cpu family	: 6
model		: 58
model name	: Intel(R) Core(TM) i3-3110M CPU @ 2.40GHz
stepping	: 9
microcode	: 0x15
cpu MHz		: 1418.531
cache size	: 3072 KB
physical id	: 0
siblings	: 4
core id		: 1
cpu cores	: 2
apicid		: 2
initial apicid	: 2
fpu		: yes
fpu_exception	: yes
cpuid level	: 13
wp		: yes
flags		: fpu vme de pse tsc msr pae mce cx8 apic sep mtrr pge mca cmov pat pse36 clflush dts acpi mmx fxsr sse sse2 ss ht tm pbe syscall nx rdtscp lm constant_tsc arch_perfmon pebs bts rep_good nopl xtopology nonstop_tsc aperfmperf eagerfpu pni pclmulqdq dtes64 monitor ds_cpl vmx est tm2 ssse3 cx16 xtpr pdcm pcid sse4_1 sse4_2 x2apic popcnt tsc_deadline_timer xsave avx f16c lahf_lm arat epb pln pts dtherm tpr_shadow vnmi flexpriority ept vpid fsgsbase smep erms xsaveopt
bugs		:
bogomips	: 4789.17
clflush size	: 64
cache_alignment	: 64
address sizes	: 36 bits physical, 48 bits virtual
power management:

processor	: 3
vendor_id	: GenuineIntel
cpu family	: 6
model		: 58
model name	: Intel(R) Core(TM) i3-3110M CPU @ 2.40GHz
stepping	: 9
microcode	: 0x15
cpu MHz		: 2005.218
cache size	: 3072 KB
physical id	: 0
siblings	: 4
core id		: 1
cpu cores	: 2
apicid		: 3
initial apicid	: 3
fpu		: yes
fpu_exception	: yes
cpuid level	: 13
wp		: yes
flags		: fpu vme de pse tsc msr pae mce cx8 apic sep mtrr pge mca cmov pat pse36 clflush dts acpi mmx fxsr sse sse2 ss ht tm pbe syscall nx rdtscp lm constant_tsc arch_perfmon pebs bts rep_good nopl xtopology nonstop_tsc aperfmperf eagerfpu pni pclmulqdq dtes64 monitor ds_cpl vmx est tm2 ssse3 cx16 xtpr pdcm pcid sse4_1 sse4_2 x2apic popcnt tsc_deadline_timer xsave avx f16c lahf_lm arat epb pln pts dtherm tpr_shadow vnmi flexpriority ept vpid fsgsbase smep erms xsaveopt
bugs		:
bogomips	: 4789.17
clflush size	: 64
cache_alignment	: 64
address sizes	: 36 bits physical, 48 bits virtual
power management:



Memory: 4k page, physical 3942676k(32232k free), swap 0k(0k free)

vm_info: Java HotSpot(TM) 64-Bit Server VM (25.66-b17) for linux-amd64 JRE (1.8.0_66-b17), built on Oct  6 2015 17:28:34 by "java_re" with gcc 4.3.0 20080428 (Red Hat 4.3.0-8)

time: Sat Jan 23 15:12:45 2016
elapsed time: 5 seconds (0d 0h 0m 5s)

